<?xml version="1.0" encoding="UTF-8"?>
<!-- Generated by org.testng.reporters.JUnitXMLReporter -->
<testsuite ignored="0" hostname="DESKTOP-8Q4C1FH" failures="0" tests="3" name="Test" time="88.618" errors="0" timestamp="2022-08-29T15:07:21 IST">
  <testcase classname="test.LoginTest" name="verifyLogin" time="2.358"/>
  <testcase classname="test.TimeTest" name="verifyTimePage" time="6.278"/>
  <testcase classname="test.PimTest" name="verifyPimPage" time="4.802"/>
</testsuite> <!-- Test -->
